<?xml version="1.0" encoding="UTF-8"?>
<beans xmlns="http://www.springframework.org/schema/beans"
       xmlns:xsi="http://www.w3.org/2001/XMLSchema-instance"
       xmlns:context="http://www.springframework.org/schema/context"
       xmlns:aop="http://www.springframework.org/schema/aop" xmlns:util="http://www.springframework.org/schema/util"
       xsi:schemaLocation="http://www.springframework.org/schema/beans http://www.springframework.org/schema/beans/spring-beans.xsd
        http://www.springframework.org/schema/context
        http://www.springframework.org/schema/context/spring-context.xsd
       http://www.springframework.org/schema/aop http://www.springframework.org/schema/aop/spring-aop.xsd http://www.springframework.org/schema/util http://www.springframework.org/schema/util/spring-util.xsd">

    <bean id="defaultProps" class="org.springframework.beans.factory.config.PropertiesFactoryBean">
        <property name="properties">
            <util:properties local-override="true">
                <prop key="cas_key">lokalisointi-service</prop>
                <prop key="cas_service">${cas.service.lokalisointi-service}</prop>
                <prop key="spring_security_default_access">permitAll</prop>
                <prop key="cas.service.lokalisointi-service">http://localhost:8319/lokalisointi</prop>
            </util:properties>
        </property>
    </bean>

    <context:property-placeholder
        location="classpath:lokalisointi.properties"
        ignore-resource-not-found="true" properties-ref="defaultProps"/>

<!--
    <import resource="file:///${user.home:''}/oph-configuration/security-context-backend.xml"/>
-->

    <context:annotation-config />
    <context:component-scan base-package="fi.vm.sade.lokalisointi" />

    <!-- service configuration -->
<!--
    <import resource="classpath:META-INF/spring/context/service-context.xml"/>
    <import resource="classpath:META-INF/spring/context/dao-context.xml"/>
    <import resource="classpath:META-INF/spring/context/ws-context.xml" />
-->

    <import resource="classpath:test-dao-context.xml"/>

</beans>
